<?xml version="1.0" encoding="UTF-8"?>
<!-- Generated by org.testng.reporters.JUnitReportReporter -->
<testsuite skipped="0" hostname="Admin-PC" name="org.sample.DataProviderSample" tests="7" failures="0" timestamp="01 Aug 2020 06:25:01 GMT" time="994.428" errors="0">
  <testcase name="login" time="125.926" classname="org.sample.DataProviderSample"/>
  <testcase name="login" time="125.048" classname="org.sample.DataProviderSample"/>
  <testcase name="login" time="126.452" classname="org.sample.DataProviderSample"/>
  <testcase name="login" time="126.645" classname="org.sample.DataProviderSample"/>
  <testcase name="login" time="160.704" classname="org.sample.DataProviderSample"/>
  <testcase name="login" time="160.921" classname="org.sample.DataProviderSample"/>
  <testcase name="login" time="168.732" classname="org.sample.DataProviderSample"/>
</testsuite> <!-- org.sample.DataProviderSample -->
