<?xml version="1.0" encoding="UTF-8"?>
<!-- Generated by org.testng.reporters.JUnitReportReporter -->
<testsuite skipped="0" hostname="Admin-PC" name="org.sample.ProgramTask3" tests="10" failures="0" timestamp="06 Aug 2020 07:43:15 GMT" time="242.044" errors="0">
  <testcase name="search" time="20.524" classname="org.sample.ProgramTask3"/>
  <testcase name="search" time="24.302" classname="org.sample.ProgramTask3"/>
  <testcase name="search" time="19.580" classname="org.sample.ProgramTask3"/>
  <testcase name="search" time="27.687" classname="org.sample.ProgramTask3"/>
  <testcase name="search" time="40.163" classname="org.sample.ProgramTask3"/>
  <testcase name="search" time="25.165" classname="org.sample.ProgramTask3"/>
  <testcase name="search" time="29.151" classname="org.sample.ProgramTask3"/>
  <testcase name="search" time="13.635" classname="org.sample.ProgramTask3"/>
  <testcase name="search" time="20.478" classname="org.sample.ProgramTask3"/>
  <testcase name="search" time="21.359" classname="org.sample.ProgramTask3"/>
</testsuite> <!-- org.sample.ProgramTask3 -->
